2023-05-02 11:17:38,590 - INFO - <BrokerConnection node_id=bootstrap-0 host=localhost:9092 <connecting> [IPv6 ('::1', 9092, 0, 0)]>: connecting to localhost:9092 [('::1', 9092, 0, 0) IPv6]
2023-05-02 11:17:38,590 - INFO - Probing node bootstrap-0 broker version
2023-05-02 11:17:38,591 - INFO - <BrokerConnection node_id=bootstrap-0 host=localhost:9092 <connecting> [IPv6 ('::1', 9092, 0, 0)]>: Connection complete.
2023-05-02 11:17:38,697 - INFO - Broker version identified as 2.5.0
2023-05-02 11:17:38,698 - INFO - Set configuration api_version=(2, 5, 0) to skip auto check_version requests on startup
2023-05-02 11:17:38,698 - INFO - Updating subscribed topics to: ('scheduled_apps1',)
2023-05-02 11:17:38,702 - INFO - [*] SCHEDULER ON
2023-05-02 11:17:38,702 - INFO - starting the consumer
2023-05-02 11:17:38,703 - INFO - inside run pending jobs
2023-05-02 11:17:38,815 - INFO - <BrokerConnection node_id=bootstrap-0 host=localhost:9092 <connecting> [IPv6 ('::1', 9092, 0, 0)]>: connecting to localhost:9092 [('::1', 9092, 0, 0) IPv6]
2023-05-02 11:17:38,831 - INFO - Group coordinator for consumer-group-a is BrokerMetadata(nodeId='coordinator-1', host='localhost', port=9092, rack=None)
2023-05-02 11:17:38,847 - INFO - Discovered coordinator coordinator-1 for group consumer-group-a
2023-05-02 11:17:38,863 - INFO - <BrokerConnection node_id=bootstrap-0 host=localhost:9092 <connecting> [IPv6 ('::1', 9092, 0, 0)]>: Connection complete.
2023-05-02 11:17:38,879 - INFO - Starting new heartbeat thread
2023-05-02 11:17:38,989 - INFO - Revoking previously assigned partitions set() for group consumer-group-a
2023-05-02 11:17:39,069 - INFO - <BrokerConnection node_id=coordinator-1 host=localhost:9092 <connecting> [IPv6 ('::1', 9092, 0, 0)]>: connecting to localhost:9092 [('::1', 9092, 0, 0) IPv6]
2023-05-02 11:17:39,164 - INFO - <BrokerConnection node_id=coordinator-1 host=localhost:9092 <connecting> [IPv6 ('::1', 9092, 0, 0)]>: Connection complete.
2023-05-02 11:17:39,181 - INFO - <BrokerConnection node_id=bootstrap-0 host=localhost:9092 <connected> [IPv6 ('::1', 9092, 0, 0)]>: Closing connection. 
2023-05-02 11:17:39,324 - INFO - (Re-)joining group consumer-group-a
2023-05-02 11:17:40,947 - INFO - Successfully joined group consumer-group-a with generation 76
2023-05-02 11:17:40,979 - INFO - Updated partition assignment: [TopicPartition(topic='scheduled_apps1', partition=0)]
2023-05-02 11:17:40,995 - INFO - Setting newly assigned partitions {TopicPartition(topic='scheduled_apps1', partition=0)} for group consumer-group-a
2023-05-02 11:17:41,359 - INFO - <BrokerConnection node_id=1 host=localhost:9092 <connecting> [IPv6 ('::1', 9092, 0, 0)]>: connecting to localhost:9092 [('::1', 9092, 0, 0) IPv6]
2023-05-02 11:17:41,391 - INFO - <BrokerConnection node_id=1 host=localhost:9092 <connecting> [IPv6 ('::1', 9092, 0, 0)]>: Connection complete.
2023-05-02 11:19:20,324 - INFO - {'app_id': 123, 'sched_flag': 1, 'instance_id': 1, 'schedule_info': {'start_date': '2023-04-19T18:30:00.000Z', 'end_date': '2023-04-27T18:30:00.000Z', 'timings': {'monday': {'start_hour': '10:57:30', 'end_hour': '10:58:00'}, 'tuesday': {'start_hour': '11:20:00', 'end_hour': '11:20:40'}, 'wednesday': {'start_hour': '11:32:00', 'end_hour': '11:33:00'}, 'thursday': {'start_hour': '22:35:00', 'end_hour': '22:36:00'}, 'friday': {'start_hour': '', 'end_hour': ''}, 'saturday': {'start_hour': '17:25:00', 'end_hour': ''}, 'sunday': {'start_hour': '', 'end_hour': ''}}}}
2023-05-02 11:19:20,340 - INFO - decoding_json
2023-05-02 11:19:20,371 - INFO - hellooo
2023-05-02 11:20:00,000 - INFO - in deployer function
2023-05-02 11:20:00,000 - INFO - 123 Start sent to deployer
2023-05-02 11:20:00,062 - INFO - <BrokerConnection node_id=1 host=localhost:9092 <connecting> [IPv6 ('::1', 9092, 0, 0)]>: connecting to localhost:9092 [('::1', 9092, 0, 0) IPv6]
2023-05-02 11:20:00,110 - INFO - <BrokerConnection node_id=1 host=localhost:9092 <connecting> [IPv6 ('::1', 9092, 0, 0)]>: Connection complete.
2023-05-02 11:20:00,126 - INFO - <BrokerConnection node_id=bootstrap-0 host=localhost:9092 <connected> [IPv6 ('::1', 9092, 0, 0)]>: Closing connection. 
2023-05-02 11:20:40,000 - INFO - in deployer function
2023-05-02 11:20:40,000 - INFO - 123 End sent to deployer
